{"/root/project/LBFAT/frontend/src/utils/helpers.js": {"path":"/root/project/LBFAT/frontend/src/utils/helpers.js","statementMap":{"0":{"start":{"line":7,"column":2},"end":{"line":7,"column":22}},"1":{"start":{"line":7,"column":13},"end":{"line":7,"column":22}},"2":{"start":{"line":8,"column":15},"end":{"line":8,"column":33}},"3":{"start":{"line":9,"column":16},"end":{"line":9,"column":60}},"4":{"start":{"line":10,"column":14},"end":{"line":10,"column":53}},"5":{"start":{"line":11,"column":16},"end":{"line":11,"column":56}},"6":{"start":{"line":12,"column":18},"end":{"line":12,"column":60}},"7":{"start":{"line":13,"column":18},"end":{"line":13,"column":60}},"8":{"start":{"line":14,"column":2},"end":{"line":14,"column":65}},"9":{"start":{"line":24,"column":14},"end":{"line":24,"column":18}},"10":{"start":{"line":25,"column":14},"end":{"line":25,"column":17}},"11":{"start":{"line":26,"column":19},"end":{"line":26,"column":78}},"12":{"start":{"line":27,"column":2},"end":{"line":27,"column":29}},"13":{"start":{"line":36,"column":2},"end":{"line":36,"column":38}},"14":{"start":{"line":36,"column":22},"end":{"line":36,"column":38}},"15":{"start":{"line":37,"column":2},"end":{"line":37,"column":38}},"16":{"start":{"line":37,"column":22},"end":{"line":37,"column":38}},"17":{"start":{"line":38,"column":2},"end":{"line":38,"column":18}}},"fnMap":{"0":{"name":"formatDate","decl":{"start":{"line":6,"column":16},"end":{"line":6,"column":26}},"loc":{"start":{"line":6,"column":33},"end":{"line":15,"column":1}},"line":6},"1":{"name":"calculateSignalStrength","decl":{"start":{"line":22,"column":16},"end":{"line":22,"column":39}},"loc":{"start":{"line":22,"column":45},"end":{"line":28,"column":1}},"line":22},"2":{"name":"getSignalStrengthColor","decl":{"start":{"line":35,"column":16},"end":{"line":35,"column":38}},"loc":{"start":{"line":35,"column":49},"end":{"line":39,"column":1}},"line":35}},"branchMap":{"0":{"loc":{"start":{"line":7,"column":2},"end":{"line":7,"column":22}},"type":"if","locations":[{"start":{"line":7,"column":2},"end":{"line":7,"column":22}},{"start":{},"end":{}}],"line":7},"1":{"loc":{"start":{"line":36,"column":2},"end":{"line":36,"column":38}},"type":"if","locations":[{"start":{"line":36,"column":2},"end":{"line":36,"column":38}},{"start":{},"end":{}}],"line":36},"2":{"loc":{"start":{"line":37,"column":2},"end":{"line":37,"column":38}},"type":"if","locations":[{"start":{"line":37,"column":2},"end":{"line":37,"column":38}},{"start":{},"end":{}}],"line":37}},"s":{"0":3,"1":2,"2":1,"3":1,"4":1,"5":1,"6":1,"7":1,"8":1,"9":5,"10":5,"11":5,"12":5,"13":6,"14":2,"15":4,"16":2,"17":2},"f":{"0":3,"1":5,"2":6},"b":{"0":[2,1],"1":[2,4],"2":[2,2]},"_coverageSchema":"1a1c01bbd47fc00a2c39e90264f33305004495a9","hash":"dc512a16e406e090856778c974cae97aa36bbdf4"}
}
